<?xml version="1.0" encoding="UTF-8"?>
<testsuite xmlns:xsi="http://www.w3.org/2001/XMLSchema-instance" xsi:noNamespaceSchemaLocation="https://maven.apache.org/surefire/maven-surefire-plugin/xsd/surefire-test-report-3.0.xsd" version="3.0" name="test.DurableStepTest" time="0.301" tests="6" errors="0" skipped="0" failures="0">
  <properties>
[...]
</properties>
  <testcase name="stepShouldExecuteAndReturnResult" classname="test.DurableStepTest" time="0.272">
    <system-out><![CDATA[[STEP] Executing: test-step#1
[STEP] Completed: test-step#1 in 3ms
]]></system-out>
    <system-err><![CDATA[SLF4J: Failed to load class "org.slf4j.impl.StaticLoggerBinder".
SLF4J: Defaulting to no-operation (NOP) logger implementation
SLF4J: See http://www.slf4j.org/codes.html#StaticLoggerBinder for further details.
]]></system-err>
  </testcase>
  <testcase name="stepShouldMemoizeAcrossWorkflowRestarts" classname="test.DurableStepTest" time="0.01">
    <system-out><![CDATA[[STEP] Executing: expensive-operation#1
[STEP] Completed: expensive-operation#1 in 0ms
[STEP] Skipping completed step: expensive-operation#1
]]></system-out>
  </testcase>
  <testcase name="parallelStepsShouldExecuteSafely" classname="test.DurableStepTest" time="0.004">
    <system-out><![CDATA[[STEP] Executing: parallel-1#1
[STEP] Executing: parallel-2#2
[STEP] Completed: parallel-1#1 in 1ms
[STEP] Completed: parallel-2#2 in 0ms
]]></system-out>
  </testcase>
  <testcase name="sagaStepShouldExecuteCompensationOnFailure" classname="test.DurableStepTest" time="0.003">
    <system-out><![CDATA[[STEP] Executing: setup#1
[STEP] Completed: setup#1 in 0ms
[STEP] Executing: fail-step#2
[SAGA] Rolling back due to failure in: fail-step
]]></system-out>
  </testcase>
  <testcase name="differentStepNamesShouldExecuteSeparately" classname="test.DurableStepTest" time="0.002">
    <system-out><![CDATA[[STEP] Executing: step-a#1
[STEP] Completed: step-a#1 in 0ms
[STEP] Executing: step-b#2
[STEP] Completed: step-b#2 in 0ms
]]></system-out>
  </testcase>
  <testcase name="workflowShouldSupportCancellation" classname="test.DurableStepTest" time="0.001"/>
</testsuite>